Configuration file: /Users/randaleastman/Documents/brandmine-site/_config.yml
            Source: /Users/randaleastman/Documents/brandmine-site
       Destination: /Users/randaleastman/Documents/brandmine-site/_site
 Incremental build: disabled. Enable with --incremental
      Generating... 
[31m  Liquid Exception: Could not locate the included file 'components/images/collection-image.html collection="founders" slug=include.founder.ref purpose="portrait" alt="Portrait of "' in any of ["/Users/randaleastman/Documents/brandmine-site/_includes", "/Users/randaleastman/Documents/brandmine-site/vendor/bundle/ruby/2.7.0/gems/jekyll-theme-primer-0.6.0/_includes"]. Ensure it exists in one of those directories and is not a symlink as those are not allowed in safe mode. in pages/en/dev/founders-test.md[0m
jekyll 3.9.5 | Error:  Could not locate the included file 'components/images/collection-image.html
         collection="founders"
         slug=include.founder.ref
         purpose="portrait"
         alt="Portrait of "' in any of ["/Users/randaleastman/Documents/brandmine-site/_includes", "/Users/randaleastman/Documents/brandmine-site/vendor/bundle/ruby/2.7.0/gems/jekyll-theme-primer-0.6.0/_includes"]. Ensure it exists in one of those directories and is not a symlink as those are not allowed in safe mode.
/Users/randaleastman/Documents/brandmine-site/vendor/bundle/ruby/2.7.0/gems/jekyll-3.9.5/lib/jekyll/tags/include.rb:121:in `locate_include_file': Could not locate the included file 'components/images/collection-image.html (IOError)
         collection="founders"
         slug=include.founder.ref
         purpose="portrait"
         alt="Portrait of "' in any of ["/Users/randaleastman/Documents/brandmine-site/_includes", "/Users/randaleastman/Documents/brandmine-site/vendor/bundle/ruby/2.7.0/gems/jekyll-theme-primer-0.6.0/_includes"]. Ensure it exists in one of those directories and is not a symlink as those are not allowed in safe mode.
	from /Users/randaleastman/Documents/brandmine-site/vendor/bundle/ruby/2.7.0/gems/jekyll-3.9.5/lib/jekyll/tags/include.rb:130:in `render'
	from /Users/randaleastman/Documents/brandmine-site/vendor/bundle/ruby/2.7.0/gems/liquid-4.0.4/lib/liquid/block_body.rb:103:in `render_node_to_output'
	from /Users/randaleastman/Documents/brandmine-site/vendor/bundle/ruby/2.7.0/gems/liquid-4.0.4/lib/liquid/block_body.rb:91:in `render'
	from /Users/randaleastman/Documents/brandmine-site/vendor/bundle/ruby/2.7.0/gems/liquid-4.0.4/lib/liquid/tags/if.rb:46:in `block (2 levels) in render'
	from /Users/randaleastman/Documents/brandmine-site/vendor/bundle/ruby/2.7.0/gems/liquid-4.0.4/lib/liquid/tags/if.rb:44:in `each'
	from /Users/randaleastman/Documents/brandmine-site/vendor/bundle/ruby/2.7.0/gems/liquid-4.0.4/lib/liquid/tags/if.rb:44:in `block in render'
	from /Users/randaleastman/Documents/brandmine-site/vendor/bundle/ruby/2.7.0/gems/liquid-4.0.4/lib/liquid/context.rb:123:in `stack'
	from /Users/randaleastman/Documents/brandmine-site/vendor/bundle/ruby/2.7.0/gems/liquid-4.0.4/lib/liquid/tags/if.rb:43:in `render'
	from /Users/randaleastman/Documents/brandmine-site/vendor/bundle/ruby/2.7.0/gems/liquid-4.0.4/lib/liquid/block_body.rb:103:in `render_node_to_output'
	from /Users/randaleastman/Documents/brandmine-site/vendor/bundle/ruby/2.7.0/gems/liquid-4.0.4/lib/liquid/block_body.rb:82:in `render'
	from /Users/randaleastman/Documents/brandmine-site/vendor/bundle/ruby/2.7.0/gems/liquid-4.0.4/lib/liquid/template.rb:206:in `block in render'
	from /Users/randaleastman/Documents/brandmine-site/vendor/bundle/ruby/2.7.0/gems/liquid-4.0.4/lib/liquid/template.rb:240:in `with_profiling'
	from /Users/randaleastman/Documents/brandmine-site/vendor/bundle/ruby/2.7.0/gems/liquid-4.0.4/lib/liquid/template.rb:205:in `render'
	from /Users/randaleastman/Documents/brandmine-site/vendor/bundle/ruby/2.7.0/gems/liquid-4.0.4/lib/liquid/template.rb:218:in `render!'
	from /Users/randaleastman/Documents/brandmine-site/vendor/bundle/ruby/2.7.0/gems/jekyll-3.9.5/lib/jekyll/liquid_renderer/file.rb:30:in `block (2 levels) in render!'
	from /Users/randaleastman/Documents/brandmine-site/vendor/bundle/ruby/2.7.0/gems/jekyll-3.9.5/lib/jekyll/liquid_renderer/file.rb:42:in `measure_bytes'
	from /Users/randaleastman/Documents/brandmine-site/vendor/bundle/ruby/2.7.0/gems/jekyll-3.9.5/lib/jekyll/liquid_renderer/file.rb:29:in `block in render!'
	from /Users/randaleastman/Documents/brandmine-site/vendor/bundle/ruby/2.7.0/gems/jekyll-3.9.5/lib/jekyll/liquid_renderer/file.rb:49:in `measure_time'
	from /Users/randaleastman/Documents/brandmine-site/vendor/bundle/ruby/2.7.0/gems/jekyll-3.9.5/lib/jekyll/liquid_renderer/file.rb:28:in `render!'
	from /Users/randaleastman/Documents/brandmine-site/vendor/bundle/ruby/2.7.0/gems/jekyll-3.9.5/lib/jekyll/tags/include.rb:140:in `block in render'
	from /Users/randaleastman/Documents/brandmine-site/vendor/bundle/ruby/2.7.0/gems/liquid-4.0.4/lib/liquid/context.rb:123:in `stack'
	from /Users/randaleastman/Documents/brandmine-site/vendor/bundle/ruby/2.7.0/gems/jekyll-3.9.5/lib/jekyll/tags/include.rb:137:in `render'
	from /Users/randaleastman/Documents/brandmine-site/vendor/bundle/ruby/2.7.0/gems/liquid-4.0.4/lib/liquid/block_body.rb:103:in `render_node_to_output'
	from /Users/randaleastman/Documents/brandmine-site/vendor/bundle/ruby/2.7.0/gems/liquid-4.0.4/lib/liquid/block_body.rb:91:in `render'
	from /Users/randaleastman/Documents/brandmine-site/vendor/bundle/ruby/2.7.0/gems/liquid-4.0.4/lib/liquid/tags/case.rb:51:in `block (2 levels) in render'
	from /Users/randaleastman/Documents/brandmine-site/vendor/bundle/ruby/2.7.0/gems/liquid-4.0.4/lib/liquid/tags/case.rb:46:in `each'
	from /Users/randaleastman/Documents/brandmine-site/vendor/bundle/ruby/2.7.0/gems/liquid-4.0.4/lib/liquid/tags/case.rb:46:in `block in render'
	from /Users/randaleastman/Documents/brandmine-site/vendor/bundle/ruby/2.7.0/gems/liquid-4.0.4/lib/liquid/context.rb:123:in `stack'
	from /Users/randaleastman/Documents/brandmine-site/vendor/bundle/ruby/2.7.0/gems/liquid-4.0.4/lib/liquid/tags/case.rb:42:in `render'
	from /Users/randaleastman/Documents/brandmine-site/vendor/bundle/ruby/2.7.0/gems/liquid-4.0.4/lib/liquid/block_body.rb:103:in `render_node_to_output'
	from /Users/randaleastman/Documents/brandmine-site/vendor/bundle/ruby/2.7.0/gems/liquid-4.0.4/lib/liquid/block_body.rb:82:in `render'
	from /Users/randaleastman/Documents/brandmine-site/vendor/bundle/ruby/2.7.0/gems/liquid-4.0.4/lib/liquid/tags/for.rb:160:in `block (2 levels) in render_segment'
	from /Users/randaleastman/Documents/brandmine-site/vendor/bundle/ruby/2.7.0/gems/liquid-4.0.4/lib/liquid/tags/for.rb:158:in `each'
	from /Users/randaleastman/Documents/brandmine-site/vendor/bundle/ruby/2.7.0/gems/liquid-4.0.4/lib/liquid/tags/for.rb:158:in `block in render_segment'
	from /Users/randaleastman/Documents/brandmine-site/vendor/bundle/ruby/2.7.0/gems/liquid-4.0.4/lib/liquid/context.rb:123:in `stack'
	from /Users/randaleastman/Documents/brandmine-site/vendor/bundle/ruby/2.7.0/gems/liquid-4.0.4/lib/liquid/tags/for.rb:150:in `render_segment'
	from /Users/randaleastman/Documents/brandmine-site/vendor/bundle/ruby/2.7.0/gems/liquid-4.0.4/lib/liquid/tags/for.rb:79:in `render'
	from /Users/randaleastman/Documents/brandmine-site/vendor/bundle/ruby/2.7.0/gems/liquid-4.0.4/lib/liquid/block_body.rb:103:in `render_node_to_output'
	from /Users/randaleastman/Documents/brandmine-site/vendor/bundle/ruby/2.7.0/gems/liquid-4.0.4/lib/liquid/block_body.rb:82:in `render'
	from /Users/randaleastman/Documents/brandmine-site/vendor/bundle/ruby/2.7.0/gems/liquid-4.0.4/lib/liquid/tags/if.rb:46:in `block (2 levels) in render'
	from /Users/randaleastman/Documents/brandmine-site/vendor/bundle/ruby/2.7.0/gems/liquid-4.0.4/lib/liquid/tags/if.rb:44:in `each'
	from /Users/randaleastman/Documents/brandmine-site/vendor/bundle/ruby/2.7.0/gems/liquid-4.0.4/lib/liquid/tags/if.rb:44:in `block in render'
	from /Users/randaleastman/Documents/brandmine-site/vendor/bundle/ruby/2.7.0/gems/liquid-4.0.4/lib/liquid/context.rb:123:in `stack'
	from /Users/randaleastman/Documents/brandmine-site/vendor/bundle/ruby/2.7.0/gems/liquid-4.0.4/lib/liquid/tags/if.rb:43:in `render'
	from /Users/randaleastman/Documents/brandmine-site/vendor/bundle/ruby/2.7.0/gems/liquid-4.0.4/lib/liquid/block_body.rb:103:in `render_node_to_output'
	from /Users/randaleastman/Documents/brandmine-site/vendor/bundle/ruby/2.7.0/gems/liquid-4.0.4/lib/liquid/block_body.rb:82:in `render'
	from /Users/randaleastman/Documents/brandmine-site/vendor/bundle/ruby/2.7.0/gems/liquid-4.0.4/lib/liquid/template.rb:206:in `block in render'
	from /Users/randaleastman/Documents/brandmine-site/vendor/bundle/ruby/2.7.0/gems/liquid-4.0.4/lib/liquid/template.rb:240:in `with_profiling'
	from /Users/randaleastman/Documents/brandmine-site/vendor/bundle/ruby/2.7.0/gems/liquid-4.0.4/lib/liquid/template.rb:205:in `render'
	from /Users/randaleastman/Documents/brandmine-site/vendor/bundle/ruby/2.7.0/gems/liquid-4.0.4/lib/liquid/template.rb:218:in `render!'
	from /Users/randaleastman/Documents/brandmine-site/vendor/bundle/ruby/2.7.0/gems/jekyll-3.9.5/lib/jekyll/liquid_renderer/file.rb:30:in `block (2 levels) in render!'
	from /Users/randaleastman/Documents/brandmine-site/vendor/bundle/ruby/2.7.0/gems/jekyll-3.9.5/lib/jekyll/liquid_renderer/file.rb:42:in `measure_bytes'
	from /Users/randaleastman/Documents/brandmine-site/vendor/bundle/ruby/2.7.0/gems/jekyll-3.9.5/lib/jekyll/liquid_renderer/file.rb:29:in `block in render!'
	from /Users/randaleastman/Documents/brandmine-site/vendor/bundle/ruby/2.7.0/gems/jekyll-3.9.5/lib/jekyll/liquid_renderer/file.rb:49:in `measure_time'
	from /Users/randaleastman/Documents/brandmine-site/vendor/bundle/ruby/2.7.0/gems/jekyll-3.9.5/lib/jekyll/liquid_renderer/file.rb:28:in `render!'
	from /Users/randaleastman/Documents/brandmine-site/vendor/bundle/ruby/2.7.0/gems/jekyll-3.9.5/lib/jekyll/tags/include.rb:140:in `block in render'
	from /Users/randaleastman/Documents/brandmine-site/vendor/bundle/ruby/2.7.0/gems/liquid-4.0.4/lib/liquid/context.rb:123:in `stack'
	from /Users/randaleastman/Documents/brandmine-site/vendor/bundle/ruby/2.7.0/gems/jekyll-3.9.5/lib/jekyll/tags/include.rb:137:in `render'
	from /Users/randaleastman/Documents/brandmine-site/vendor/bundle/ruby/2.7.0/gems/liquid-4.0.4/lib/liquid/block_body.rb:103:in `render_node_to_output'
	from /Users/randaleastman/Documents/brandmine-site/vendor/bundle/ruby/2.7.0/gems/liquid-4.0.4/lib/liquid/block_body.rb:91:in `render'
	from /Users/randaleastman/Documents/brandmine-site/vendor/bundle/ruby/2.7.0/gems/liquid-4.0.4/lib/liquid/template.rb:206:in `block in render'
	from /Users/randaleastman/Documents/brandmine-site/vendor/bundle/ruby/2.7.0/gems/liquid-4.0.4/lib/liquid/template.rb:240:in `with_profiling'
	from /Users/randaleastman/Documents/brandmine-site/vendor/bundle/ruby/2.7.0/gems/liquid-4.0.4/lib/liquid/template.rb:205:in `render'
	from /Users/randaleastman/Documents/brandmine-site/vendor/bundle/ruby/2.7.0/gems/liquid-4.0.4/lib/liquid/template.rb:218:in `render!'
	from /Users/randaleastman/Documents/brandmine-site/vendor/bundle/ruby/2.7.0/gems/jekyll-3.9.5/lib/jekyll/liquid_renderer/file.rb:30:in `block (2 levels) in render!'
	from /Users/randaleastman/Documents/brandmine-site/vendor/bundle/ruby/2.7.0/gems/jekyll-3.9.5/lib/jekyll/liquid_renderer/file.rb:42:in `measure_bytes'
	from /Users/randaleastman/Documents/brandmine-site/vendor/bundle/ruby/2.7.0/gems/jekyll-3.9.5/lib/jekyll/liquid_renderer/file.rb:29:in `block in render!'
	from /Users/randaleastman/Documents/brandmine-site/vendor/bundle/ruby/2.7.0/gems/jekyll-3.9.5/lib/jekyll/liquid_renderer/file.rb:49:in `measure_time'
	from /Users/randaleastman/Documents/brandmine-site/vendor/bundle/ruby/2.7.0/gems/jekyll-3.9.5/lib/jekyll/liquid_renderer/file.rb:28:in `render!'
	from /Users/randaleastman/Documents/brandmine-site/vendor/bundle/ruby/2.7.0/gems/jekyll-3.9.5/lib/jekyll/renderer.rb:126:in `render_liquid'
	from /Users/randaleastman/Documents/brandmine-site/vendor/bundle/ruby/2.7.0/gems/jekyll-3.9.5/lib/jekyll/renderer.rb:79:in `render_document'
	from /Users/randaleastman/Documents/brandmine-site/vendor/bundle/ruby/2.7.0/gems/jekyll-3.9.5/lib/jekyll/renderer.rb:62:in `run'
	from /Users/randaleastman/Documents/brandmine-site/vendor/bundle/ruby/2.7.0/gems/jekyll-3.9.5/lib/jekyll/site.rb:479:in `render_regenerated'
	from /Users/randaleastman/Documents/brandmine-site/vendor/bundle/ruby/2.7.0/gems/jekyll-3.9.5/lib/jekyll/site.rb:472:in `block in render_pages'
	from /Users/randaleastman/Documents/brandmine-site/vendor/bundle/ruby/2.7.0/gems/jekyll-3.9.5/lib/jekyll/site.rb:471:in `each'
	from /Users/randaleastman/Documents/brandmine-site/vendor/bundle/ruby/2.7.0/gems/jekyll-3.9.5/lib/jekyll/site.rb:471:in `render_pages'
	from /Users/randaleastman/Documents/brandmine-site/vendor/bundle/ruby/2.7.0/gems/jekyll-3.9.5/lib/jekyll/site.rb:192:in `render'
	from /Users/randaleastman/Documents/brandmine-site/vendor/bundle/ruby/2.7.0/gems/jekyll-3.9.5/lib/jekyll/site.rb:71:in `process'
	from /Users/randaleastman/Documents/brandmine-site/vendor/bundle/ruby/2.7.0/gems/jekyll-3.9.5/lib/jekyll/command.rb:28:in `process_site'
	from /Users/randaleastman/Documents/brandmine-site/vendor/bundle/ruby/2.7.0/gems/jekyll-3.9.5/lib/jekyll/commands/build.rb:65:in `build'
	from /Users/randaleastman/Documents/brandmine-site/vendor/bundle/ruby/2.7.0/gems/jekyll-3.9.5/lib/jekyll/commands/build.rb:36:in `process'
	from /Users/randaleastman/Documents/brandmine-site/vendor/bundle/ruby/2.7.0/gems/jekyll-3.9.5/lib/jekyll/commands/build.rb:18:in `block (2 levels) in init_with_program'
	from /Users/randaleastman/Documents/brandmine-site/vendor/bundle/ruby/2.7.0/gems/mercenary-0.3.6/lib/mercenary/command.rb:220:in `block in execute'
	from /Users/randaleastman/Documents/brandmine-site/vendor/bundle/ruby/2.7.0/gems/mercenary-0.3.6/lib/mercenary/command.rb:220:in `each'
	from /Users/randaleastman/Documents/brandmine-site/vendor/bundle/ruby/2.7.0/gems/mercenary-0.3.6/lib/mercenary/command.rb:220:in `execute'
	from /Users/randaleastman/Documents/brandmine-site/vendor/bundle/ruby/2.7.0/gems/mercenary-0.3.6/lib/mercenary/program.rb:42:in `go'
	from /Users/randaleastman/Documents/brandmine-site/vendor/bundle/ruby/2.7.0/gems/mercenary-0.3.6/lib/mercenary.rb:19:in `program'
	from /Users/randaleastman/Documents/brandmine-site/vendor/bundle/ruby/2.7.0/gems/jekyll-3.9.5/exe/jekyll:15:in `<top (required)>'
	from /Users/randaleastman/Documents/brandmine-site/vendor/bundle/ruby/2.7.0/bin/jekyll:23:in `load'
	from /Users/randaleastman/Documents/brandmine-site/vendor/bundle/ruby/2.7.0/bin/jekyll:23:in `<top (required)>'
	from /Users/randaleastman/.rbenv/versions/2.7.7/lib/ruby/gems/2.7.0/gems/bundler-2.3.26/lib/bundler/cli/exec.rb:58:in `load'
	from /Users/randaleastman/.rbenv/versions/2.7.7/lib/ruby/gems/2.7.0/gems/bundler-2.3.26/lib/bundler/cli/exec.rb:58:in `kernel_load'
	from /Users/randaleastman/.rbenv/versions/2.7.7/lib/ruby/gems/2.7.0/gems/bundler-2.3.26/lib/bundler/cli/exec.rb:23:in `run'
	from /Users/randaleastman/.rbenv/versions/2.7.7/lib/ruby/gems/2.7.0/gems/bundler-2.3.26/lib/bundler/cli.rb:486:in `exec'
	from /Users/randaleastman/.rbenv/versions/2.7.7/lib/ruby/gems/2.7.0/gems/bundler-2.3.26/lib/bundler/vendor/thor/lib/thor/command.rb:27:in `run'
	from /Users/randaleastman/.rbenv/versions/2.7.7/lib/ruby/gems/2.7.0/gems/bundler-2.3.26/lib/bundler/vendor/thor/lib/thor/invocation.rb:127:in `invoke_command'
	from /Users/randaleastman/.rbenv/versions/2.7.7/lib/ruby/gems/2.7.0/gems/bundler-2.3.26/lib/bundler/vendor/thor/lib/thor.rb:392:in `dispatch'
	from /Users/randaleastman/.rbenv/versions/2.7.7/lib/ruby/gems/2.7.0/gems/bundler-2.3.26/lib/bundler/cli.rb:31:in `dispatch'
	from /Users/randaleastman/.rbenv/versions/2.7.7/lib/ruby/gems/2.7.0/gems/bundler-2.3.26/lib/bundler/vendor/thor/lib/thor/base.rb:485:in `start'
	from /Users/randaleastman/.rbenv/versions/2.7.7/lib/ruby/gems/2.7.0/gems/bundler-2.3.26/lib/bundler/cli.rb:25:in `start'
	from /Users/randaleastman/.rbenv/versions/2.7.7/lib/ruby/gems/2.7.0/gems/bundler-2.3.26/exe/bundle:48:in `block in <top (required)>'
	from /Users/randaleastman/.rbenv/versions/2.7.7/lib/ruby/gems/2.7.0/gems/bundler-2.3.26/lib/bundler/friendly_errors.rb:120:in `with_friendly_errors'
	from /Users/randaleastman/.rbenv/versions/2.7.7/lib/ruby/gems/2.7.0/gems/bundler-2.3.26/exe/bundle:36:in `<top (required)>'
	from /Users/randaleastman/.rbenv/versions/2.7.7/bin/bundle:23:in `load'
	from /Users/randaleastman/.rbenv/versions/2.7.7/bin/bundle:23:in `<main>'
