🔍 Running Brandmine pre-commit checks...
Timestamp: Mon 15 Sep 2025 21:41:13 +08
==========================================
🚀 Running build optimizations...
✓ Language navigation map updated
✓ Navigation cache updated
🧪 Checking Liquid syntax...
✓ No unbalanced Liquid tags found
📝 Report: Liquid tag check complete – no issues found

🌊 Checking for malformed Liquid tags...
✓ No malformed endif tags found
📝 Report: Malformed endif tag check complete – no issues found
Checking for unbalanced comment tags...
⚠️ Unbalanced comment tags! (./_includes/test/cards/founder-test-card.html:4
./_includes/layout/footer.html:2
./_includes/layout/header.html:2
./_includes/utilities/google-analytics.html:1
./_includes/components/maps/map.html:1
./_includes/components/maps/markets-map.html:1
./_includes/components/maps/location-mini-map.html:1
./_includes/components/filters/dimensions-filter.html:1
./_includes/components/filters/featured-brands-filter.html:1
./_includes/components/filters/categories-filter.html:1
./_includes/components/snippets/tag-badge.html:1
./_includes/components/insights/simple-category-navigation.html:1
./_includes/components/insights/insights-feed.html:1
Files with potentially unclosed comment tags:
📝 Report: Comment tag balance check – ./_includes/test/cards/founder-test-card.html:4
./_includes/layout/footer.html:2
./_includes/layout/header.html:2
./_includes/utilities/google-analytics.html:1
./_includes/components/maps/map.html:1
./_includes/components/maps/markets-map.html:1
./_includes/components/maps/location-mini-map.html:1
./_includes/components/filters/dimensions-filter.html:1
./_includes/components/filters/featured-brands-filter.html:1
./_includes/components/filters/categories-filter.html:1
./_includes/components/snippets/tag-badge.html:1
./_includes/components/insights/simple-category-navigation.html:1
./_includes/components/insights/insights-feed.html:1
./_includes/components/insights/latest-insights-grid.html:7

🧵 Checking SCSS for double closing braces (}})...
✓ No SCSS double brace issues found
📝 Report: SCSS double brace check – no issues found

🧩 Checking for potentially missing include files...
⚠️ Missing include file: components/icons/insights/ultra-simple-founders-journey.svg (from: ./_includes/components/indicators/content-type-indicator.html:          {% include components/icons/insights/ultra-simple-founders-journey.svg %})
⚠️ Missing include file: components/icons/insights/simple-founders-journey.svg (from: ./_includes/components/indicators/content-type-indicator.html:          {% include components/icons/insights/simple-founders-journey.svg %})
⚠️ Missing include file: components/icons/insights/ultra-simple-brand-spotlight.svg (from: ./_includes/components/indicators/content-type-indicator.html:          {% include components/icons/insights/ultra-simple-brand-spotlight.svg %})
⚠️ Missing include file: components/icons/insights/simple-brand-spotlight.svg (from: ./_includes/components/indicators/content-type-indicator.html:          {% include components/icons/insights/simple-brand-spotlight.svg %})
⚠️ Missing include file: components/icons/insights/ultra-simple-market-momentum.svg (from: ./_includes/components/indicators/content-type-indicator.html:          {% include components/icons/insights/ultra-simple-market-momentum.svg %})
⚠️ Missing include file: components/icons/insights/simple-market-momentum.svg (from: ./_includes/components/indicators/content-type-indicator.html:          {% include components/icons/insights/simple-market-momentum.svg %})
⚠️ Missing include file: components/icons/insights/ultra-simple-location-intelligence.svg (from: ./_includes/components/indicators/content-type-indicator.html:          {% include components/icons/insights/ultra-simple-location-intelligence.svg %})
⚠️ Missing include file: components/icons/insights/simple-location-intelligence.svg (from: ./_includes/components/indicators/content-type-indicator.html:          {% include components/icons/insights/simple-location-intelligence.svg %})
⚠️ Missing include file: components/icons/company-news.svg (from: ./_includes/components/icons/icon.html:        {% include components/icons/company-news.svg %})
⚠️ Missing include file: components/cards/insight-card-simple.html (from: ./_includes/pages/founder/connections.html:        {% include components/cards/insight-card-simple.html insight=insight %})
⚠️ Missing include file: components/cards/featured-insight-card.html (from: ./_includes/helpers/case-study-card-selector.html:  {% include components/cards/featured-insight-card.html insight=include.case_study %})
⚠️ Missing include file: pages/home/latest-insights-test-1c.html (from: ./_backup/includes/pages/home/latest-insights-test-1c.html:    {% include pages/home/latest-insights-test-1c.html %})
⚠️ Missing include file: pages/home/latest-insights-test-1c.html (from: ./_backup/includes/pages/home/latest-insights-test-1c.html:    {% include pages/home/latest-insights-test-1c.html panel_type="light" %})
⚠️ Missing include file: components/cards/insight-card-latest.html (from: ./_backup/includes/pages/home/latest-insights-backup.html:    {% include components/cards/insight-card-latest.html insight=brand_spotlight %})
⚠️ Missing include file: components/cards/insight-card-latest.html (from: ./_backup/includes/pages/home/latest-insights-backup.html:    {% include components/cards/insight-card-latest.html insight=founders_journey %})
⚠️ Missing include file: components/cards/insight-card-latest.html (from: ./_backup/includes/pages/home/latest-insights-backup.html:    {% include components/cards/insight-card-latest.html insight=location_intelligence %})
⚠️ Missing include file: components/cards/insight-card-latest.html (from: ./_backup/includes/pages/home/latest-insights-backup.html:    {% include components/cards/insight-card-latest.html insight=market_momentum %})
⚠️ Missing include file: components/cards/founder-intense-card.html (from: ./_backup/includes/pages/home/founder-focus-intense.html:              {% include components/cards/founder-intense-card.html)
⚠️ Missing include file: components/helpers/country-name.html (from: ./_docs/archive/includes/pages/insight/sections/location-info.html:          {% include components/helpers/country-name.html code=insight.location_country %})
⚠️ Missing include file: components/cards/insight-card-simple.html (from: ./_docs/archive/includes/pages/insight/sections/related-insights.html:          {% include components/cards/insight-card-simple.html insight=related %})
⚠️ Missing include file: pages/home/featured-brands-carousel.html (from: ./_archive/delete/test-section-cleanup/2025-06-27/featured-brands-carousel.html:    {% include pages/home/featured-brands-carousel.html %})
⚠️ Missing include file: components/carousels/universal-carousel.html (from: ./_archive/delete/test-section-cleanup/2025-06-27/featured-brands-carousel.html:{% include components/carousels/universal-carousel.html)
⚠️ Missing include file: pages/home/featured-founders-carousel.html (from: ./_archive/delete/test-section-cleanup/2025-06-27/featured-founders-carousel.html:    {% include pages/home/featured-founders-carousel.html %})
⚠️ Missing include file: components/carousels/universal-carousel.html (from: ./_archive/delete/test-section-cleanup/2025-06-27/featured-founders-carousel.html:{% include components/carousels/universal-carousel.html)
⚠️ Missing include file: components/carousels/universal-carousel.html (from: ./_archive/delete/test-section-cleanup/2025-06-27/case-studies-carousel.html:{% include components/carousels/universal-carousel.html)
⚠️ Missing include file: helpers/page-sections-backup.html (from: ./_archive/delete/page-sections-backup.html:USAGE: {% include helpers/page-sections-backup.html page_type="brands" %})
⚠️ Missing include file: helpers/page-sections-backup.html (from: ./_archive/delete/page-sections-backup.html:EXAMPLE: {% include helpers/page-sections-backup.html page_type="discovery" content=page_content %})
⚠️ Missing include file: components/cards/brand-card-featured.html (from: ./_archive/delete/card-comparison.html:    {% include components/cards/brand-card-featured.html brand=test_brand %})
⚠️ Missing include file: components/cards/hero-brand-card.html (from: ./_archive/delete/card-comparison.html:    {% include components/cards/hero-brand-card.html brand=test_brand %})
⚠️ Missing include file: components/cards/featured-brand-card.html (from: ./_archive/delete/card-comparison.html:    {% include components/cards/featured-brand-card.html brand=test_brand %})
⚠️ Missing include file: components/cards/related-brand-card.html (from: ./_archive/delete/card-comparison.html:    {% include components/cards/related-brand-card.html brand=test_brand %})
⚠️ Missing include file: components/cards/featured-brand-card.html (from: ./_archive/delete/test-image-components.html:            {% include components/cards/featured-brand-card.html brand=brand %})
⚠️ Missing include file: components/cards/related-brand-card.html (from: ./_archive/delete/test-image-components.html:            {% include components/cards/related-brand-card.html brand=brand %})
⚠️ Missing include file: components/cards/hero-brand-card.html (from: ./_archive/delete/test-image-components.html:          {% include components/cards/hero-brand-card.html brand=brand %})
⚠️ Missing include file: components/cards/simple-insight-card.html (from: ./_archive/delete/test-image-components.html:            {% include components/cards/simple-insight-card.html insight=insight %})
⚠️ Missing include file: components/cards/tagged-insight-card.html (from: ./_archive/delete/test-image-components.html:            {% include components/cards/tagged-insight-card.html insight=insight %})
⚠️ Missing include file: components/cards/brand-card-featured.html (from: ./_archive/delete/brand-card-featured.html:USAGE: {% include components/cards/brand-card-featured.html brand=brand %})
⚠️ Missing include file: head-custom-google-analytics.html (from: ./vendor/bundle/ruby/2.7.0/gems/jekyll-theme-slate-0.2.0/_includes/head-custom.html:{% include head-custom-google-analytics.html %})
⚠️ Missing include file: head-custom.html (from: ./vendor/bundle/ruby/2.7.0/gems/jekyll-theme-slate-0.2.0/_layouts/default.html:    {% include head-custom.html %})
⚠️ Missing include file: previous-next.html (from: ./vendor/bundle/ruby/2.7.0/gems/jekyll-swiss-1.0.0/_layouts/post.html:  {% include previous-next.html %})
⚠️ Missing include file: head.html (from: ./vendor/bundle/ruby/2.7.0/gems/jekyll-swiss-1.0.0/_layouts/home.html:  {% include head.html %})
⚠️ Missing include file: dot-accent.html (from: ./vendor/bundle/ruby/2.7.0/gems/jekyll-swiss-1.0.0/_layouts/home.html:                  {% include dot-accent.html %})
⚠️ Missing include file: dot-accent.html (from: ./vendor/bundle/ruby/2.7.0/gems/jekyll-swiss-1.0.0/_layouts/home.html:                  {% include dot-accent.html %})
⚠️ Missing include file: github.html (from: ./vendor/bundle/ruby/2.7.0/gems/jekyll-swiss-1.0.0/_layouts/home.html:                  {% include github.html %})
⚠️ Missing include file: dot.html (from: ./vendor/bundle/ruby/2.7.0/gems/jekyll-swiss-1.0.0/_layouts/home.html:                  {% include dot.html %})
⚠️ Missing include file: post_block.html (from: ./vendor/bundle/ruby/2.7.0/gems/jekyll-swiss-1.0.0/_layouts/home.html:          {% include post_block.html %})
⚠️ Missing include file: footer.html (from: ./vendor/bundle/ruby/2.7.0/gems/jekyll-swiss-1.0.0/_layouts/home.html:    {% include footer.html %})
⚠️ Missing include file: head.html (from: ./vendor/bundle/ruby/2.7.0/gems/jekyll-swiss-1.0.0/_layouts/default.html:  {% include head.html %})
⚠️ Missing include file: header.html (from: ./vendor/bundle/ruby/2.7.0/gems/jekyll-swiss-1.0.0/_layouts/default.html:    {% include header.html %})
⚠️ Missing include file: footer.html (from: ./vendor/bundle/ruby/2.7.0/gems/jekyll-swiss-1.0.0/_layouts/default.html:    {% include footer.html %})
⚠️ Missing include file: post_block.html (from: ./vendor/bundle/ruby/2.7.0/gems/jekyll-swiss-1.0.0/_layouts/category_index.html:    {% include post_block.html %})
⚠️ Missing include file: previous-next_has-categories.html (from: ./vendor/bundle/ruby/2.7.0/gems/jekyll-swiss-1.0.0/_layouts/category-post.html:  {% include previous-next_has-categories.html %})
⚠️ Missing include file: head-custom-google-analytics.html (from: ./vendor/bundle/ruby/2.7.0/gems/jekyll-theme-primer-0.6.0/_includes/head-custom.html:{% include head-custom-google-analytics.html %})
⚠️ Missing include file: head-custom.html (from: ./vendor/bundle/ruby/2.7.0/gems/jekyll-theme-primer-0.6.0/_layouts/default.html:    {% include head-custom.html %})
⚠️ Missing include file: head-custom-google-analytics.html (from: ./vendor/bundle/ruby/2.7.0/gems/jekyll-theme-dinky-0.2.0/_includes/head-custom.html:{% include head-custom-google-analytics.html %})
⚠️ Missing include file: head-custom.html (from: ./vendor/bundle/ruby/2.7.0/gems/jekyll-theme-dinky-0.2.0/_layouts/default.html:    {% include head-custom.html %})
⚠️ Missing include file: head-custom-theme-colors.html (from: ./vendor/bundle/ruby/2.7.0/gems/jekyll-theme-hacker-0.2.0/_includes/head-custom.html:{% include head-custom-theme-colors.html %})
⚠️ Missing include file: head-custom-google-analytics.html (from: ./vendor/bundle/ruby/2.7.0/gems/jekyll-theme-hacker-0.2.0/_includes/head-custom.html:{% include head-custom-google-analytics.html %})
⚠️ Missing include file: head-custom.html (from: ./vendor/bundle/ruby/2.7.0/gems/jekyll-theme-hacker-0.2.0/_layouts/default.html:    {% include head-custom.html %})
⚠️ Missing include file: head-custom-google-analytics.html (from: ./vendor/bundle/ruby/2.7.0/gems/jekyll-theme-leap-day-0.2.0/_includes/head-custom.html:{% include head-custom-google-analytics.html %})
⚠️ Missing include file: head-custom.html (from: ./vendor/bundle/ruby/2.7.0/gems/jekyll-theme-leap-day-0.2.0/_layouts/default.html:    {% include head-custom.html %})
⚠️ Missing include file: head-custom-google-analytics.html (from: ./vendor/bundle/ruby/2.7.0/gems/jekyll-theme-time-machine-0.2.0/_includes/head-custom.html:{% include head-custom-google-analytics.html %})
⚠️ Missing include file: head-custom.html (from: ./vendor/bundle/ruby/2.7.0/gems/jekyll-theme-time-machine-0.2.0/_layouts/default.html:  {% include head-custom.html %})
⚠️ Missing include file: head-custom-theme-colors.html (from: ./vendor/bundle/ruby/2.7.0/gems/jekyll-theme-midnight-0.2.0/_includes/head-custom.html:{% include head-custom-theme-colors.html %})
⚠️ Missing include file: head-custom-google-analytics.html (from: ./vendor/bundle/ruby/2.7.0/gems/jekyll-theme-midnight-0.2.0/_includes/head-custom.html:{% include head-custom-google-analytics.html %})
⚠️ Missing include file: head-custom.html (from: ./vendor/bundle/ruby/2.7.0/gems/jekyll-theme-midnight-0.2.0/_layouts/default.html:    {% include head-custom.html %})
⚠️ Missing include file: head-custom-google-analytics.html (from: ./vendor/bundle/ruby/2.7.0/gems/jekyll-theme-minimal-0.2.0/_includes/head-custom.html:{% include head-custom-google-analytics.html %})
⚠️ Missing include file: head-custom.html (from: ./vendor/bundle/ruby/2.7.0/gems/jekyll-theme-minimal-0.2.0/_layouts/default.html:    {% include head-custom.html %})
⚠️ Missing include file: head-custom-google-analytics.html (from: ./vendor/bundle/ruby/2.7.0/gems/jekyll-theme-modernist-0.2.0/_includes/head-custom.html:{% include head-custom-google-analytics.html %})
⚠️ Missing include file: head-custom.html (from: ./vendor/bundle/ruby/2.7.0/gems/jekyll-theme-modernist-0.2.0/_layouts/default.html:    {% include head-custom.html %})
⚠️ Missing include file: head-custom-google-analytics.html (from: ./vendor/bundle/ruby/2.7.0/gems/jekyll-theme-tactile-0.2.0/_includes/head-custom.html:{% include head-custom-google-analytics.html %})
⚠️ Missing include file: head-custom.html (from: ./vendor/bundle/ruby/2.7.0/gems/jekyll-theme-tactile-0.2.0/_layouts/default.html:    {% include head-custom.html %})
⚠️ Missing include file: head-custom-google-analytics.html (from: ./vendor/bundle/ruby/2.7.0/gems/jekyll-theme-architect-0.2.0/_includes/head-custom.html:{% include head-custom-google-analytics.html %})
⚠️ Missing include file: head-custom.html (from: ./vendor/bundle/ruby/2.7.0/gems/jekyll-theme-architect-0.2.0/_layouts/default.html:    {% include head-custom.html %})
⚠️ Missing include file: head-custom-google-analytics.html (from: ./vendor/bundle/ruby/2.7.0/gems/jekyll-theme-merlot-0.2.0/_includes/head-custom.html:{% include head-custom-google-analytics.html %})
⚠️ Missing include file: head-custom.html (from: ./vendor/bundle/ruby/2.7.0/gems/jekyll-theme-merlot-0.2.0/_layouts/default.html:{% include head-custom.html %})
⚠️ Missing include file: head-custom-google-analytics.html (from: ./vendor/bundle/ruby/2.7.0/gems/jekyll-theme-cayman-0.2.0/_includes/head-custom.html:{% include head-custom-google-analytics.html %})
⚠️ Missing include file: head-custom.html (from: ./vendor/bundle/ruby/2.7.0/gems/jekyll-theme-cayman-0.2.0/_layouts/default.html:    {% include head-custom.html %})
📝 Report: Include file existence check – missing includes detected

📄 Validating YAML files in _data/, _founders/, _brands/, _insights/, _dimensions/...
✓ _data/case_study_mappings.yml is valid
✓ _data/insights/en.yml is valid
✓ _data/insights/ru.yml is valid
✓ _data/insights/zh.yml is valid
✓ _data/footer/en.yml is valid
✓ _data/footer/ru.yml is valid
✓ _data/footer/zh.yml is valid
✓ _data/dimensions_config.yml is valid
✓ _data/market-sectors/ru/india.yml is valid
✓ _data/market-sectors/ru/ethiopia.yml is valid
✓ _data/market-sectors/ru/egypt.yml is valid
✓ _data/market-sectors/ru/indonesia.yml is valid
✓ _data/market-sectors/ru/south-africa.yml is valid
✓ _data/market-sectors/ru/brazil.yml is valid
✓ _data/market-sectors/ru/malaysia.yml is valid
✓ _data/market-sectors/ru/russia.yml is valid
✓ _data/market-sectors/ru/china.yml is valid
✓ _data/market-sectors/ru/iran.yml is valid
✓ _data/market-sectors/ru/uae.yml is valid
✓ _data/market-sectors/zh/india.yml is valid
✓ _data/market-sectors/zh/ethiopia.yml is valid
✓ _data/market-sectors/zh/egypt.yml is valid
✓ _data/market-sectors/zh/indonesia.yml is valid
✓ _data/market-sectors/zh/south-africa.yml is valid
✓ _data/market-sectors/zh/brazil.yml is valid
✓ _data/market-sectors/zh/malaysia.yml is valid
✓ _data/market-sectors/zh/russia.yml is valid
✓ _data/market-sectors/zh/china.yml is valid
✓ _data/market-sectors/zh/iran.yml is valid
✓ _data/market-sectors/zh/uae.yml is valid
✓ _data/market-sectors/en/india.yml is valid
✓ _data/market-sectors/en/ethiopia.yml is valid
✓ _data/market-sectors/en/egypt.yml is valid
✓ _data/market-sectors/en/indonesia.yml is valid
✓ _data/market-sectors/en/south-africa.yml is valid
✓ _data/market-sectors/en/brazil.yml is valid
✓ _data/market-sectors/en/malaysia.yml is valid
✓ _data/market-sectors/en/russia.yml is valid
✓ _data/market-sectors/en/china.yml is valid
✓ _data/market-sectors/en/iran.yml is valid
✓ _data/market-sectors/en/uae.yml is valid
✓ _data/fallback/en.yml is valid
✓ _data/fallback/ru.yml is valid
✓ _data/fallback/zh.yml is valid
✓ _data/component_defaults.yml is valid
✓ _data/search_presets.yml is valid
✓ _data/navigation/en.yml is valid
✓ _data/navigation/ru.yml is valid
✓ _data/navigation/zh.yml is valid
✓ _data/featured_content.yml is valid
✓ _data/social/en.yml is valid
✓ _data/social/ru.yml is valid
✓ _data/social/zh.yml is valid
✓ _data/icons/en.yml is valid
✓ _data/image_attributions.yml is valid
✓ _data/page_sections.yml is valid
✓ _data/dimensions/en.yml is valid
✓ _data/dimensions/ru.yml is valid
✓ _data/dimensions/zh.yml is valid
✓ _data/translations/en.yml is valid
✓ _data/translations/ru.yml is valid
✓ _data/translations/zh.yml is valid
✓ _data/case_studies.yml is valid
📝 Report: YAML validation check – all valid

🔄 Checking for potential self-referencing includes...
⚠️ Potential self-referencing includes detected:
./_includes/layout/footer.html includes itself: layout/footer.html
./_includes/layout/header.html includes itself: layout/header.html
./_includes/utilities/google-analytics.html includes itself: utilities/google-analytics.html
./_includes/components/maps/map.html includes itself: components/maps/map.html
./_includes/components/maps/map.html includes itself: components/maps/map.html
./_includes/components/maps/map.html includes itself: components/maps/map.html
./_includes/components/maps/markets-map.html includes itself: components/maps/markets-map.html
./_includes/components/maps/location-mini-map.html includes itself: components/maps/location-mini-map.html
./_includes/components/maps/location-mini-map.html includes itself: components/maps/location-mini-map.html
./_includes/components/maps/location-mini-map.html includes itself: components/maps/location-mini-map.html
./_includes/components/maps/location-mini-map.html includes itself: components/maps/location-mini-map.html
./_includes/components/filters/dimensions-filter.html includes itself: components/filters/dimensions-filter.html
./_includes/components/filters/dimensions-filter.html includes itself: components/filters/dimensions-filter.html
./_includes/components/filters/dimensions-filter.html includes itself: components/filters/dimensions-filter.html
./_includes/components/filters/featured-brands-filter.html includes itself: components/filters/featured-brands-filter.html
./_includes/components/filters/featured-brands-filter.html includes itself: components/filters/featured-brands-filter.html
./_includes/components/filters/featured-brands-filter.html includes itself: components/filters/featured-brands-filter.html
./_includes/components/filters/categories-filter.html includes itself: components/filters/categories-filter.html
./_includes/components/filters/categories-filter.html includes itself: components/filters/categories-filter.html
./_includes/components/filters/categories-filter.html includes itself: components/filters/categories-filter.html
./_includes/components/snippets/tag-badge.html includes itself: components/snippets/tag-badge.html
./_includes/components/snippets/tag-badge.html includes itself: components/snippets/tag-badge.html
./_includes/components/snippets/tag-badge.html includes itself: components/snippets/tag-badge.html
./_includes/components/insights/simple-category-navigation.html includes itself: components/insights/simple-category-navigation.html
./_includes/components/insights/simple-category-navigation.html includes itself: components/insights/simple-category-navigation.html
./_includes/components/insights/simple-category-navigation.html includes itself: components/insights/simple-category-navigation.html
./_includes/components/insights/insights-feed.html includes itself: components/insights/insights-feed.html
./_includes/components/insights/insights-feed.html includes itself: components/insights/insights-feed.html
./_includes/components/insights/insights-feed.html includes itself: components/insights/insights-feed.html
./_includes/components/insights/latest-insights-grid.html includes itself: components/insights/latest-insights-grid.html
./_includes/components/insights/latest-insights-grid.html includes itself: components/insights/latest-insights-grid.html
./_includes/components/insights/latest-insights-grid.html includes itself: components/insights/latest-insights-grid.html
./_includes/components/insights/latest-insights-grid.html includes itself: components/insights/latest-insights-grid.html
./_includes/components/insights/latest-insights-grid.html includes itself: components/insights/latest-insights-grid.html
./_includes/components/insights/insights-category-navigation.html includes itself: components/insights/insights-category-navigation.html
./_includes/components/insights/insights-category-navigation.html includes itself: components/insights/insights-category-navigation.html
./_includes/components/insights/insights-category-navigation.html includes itself: components/insights/insights-category-navigation.html
./_includes/components/ui/loading-spinner.html includes itself: components/ui/loading-spinner.html
./_includes/components/ui/loading-spinner.html includes itself: components/ui/loading-spinner.html
./_includes/components/ui/loading-spinner.html includes itself: components/ui/loading-spinner.html
./_includes/components/ui/loading-spinner.html includes itself: components/ui/loading-spinner.html
./_includes/components/ui/social-sharing.html includes itself: components/ui/social-sharing.html
./_includes/components/ui/social-sharing.html includes itself: components/ui/social-sharing.html
./_includes/components/ui/social-sharing.html includes itself: components/ui/social-sharing.html
./_includes/components/ui/breadcrumbs.html includes itself: components/ui/breadcrumbs.html
./_includes/components/ui/breadcrumbs.html includes itself: components/ui/breadcrumbs.html
./_includes/components/ui/breadcrumbs.html includes itself: components/ui/breadcrumbs.html
./_includes/components/ui/breadcrumbs.html includes itself: components/ui/breadcrumbs.html
./_includes/components/ui/insight-category-new.html includes itself: components/ui/insight-category-new.html
./_includes/components/ui/tooltip.html includes itself: components/ui/tooltip.html
./_includes/components/ui/tooltip.html includes itself: components/ui/tooltip.html
./_includes/components/ui/modal.html includes itself: components/ui/modal.html
./_includes/components/ui/modal.html includes itself: components/ui/modal.html
./_includes/components/ui/metric-highlight.html includes itself: components/ui/metric-highlight.html
./_includes/components/ui/metric-highlight.html includes itself: components/ui/metric-highlight.html
./_includes/components/ui/metric-highlight.html includes itself: components/ui/metric-highlight.html
./_includes/components/ui/metric-highlight.html includes itself: components/ui/metric-highlight.html
./_includes/components/ui/dimension-tag-cloud.html includes itself: components/ui/dimension-tag-cloud.html
./_includes/components/ui/dimension-tag-cloud.html includes itself: components/ui/dimension-tag-cloud.html
./_includes/components/ui/dimension-tag-cloud.html includes itself: components/ui/dimension-tag-cloud.html
./_includes/components/ui/alerts.html includes itself: components/ui/alerts.html
./_includes/components/ui/alerts.html includes itself: components/ui/alerts.html
./_includes/components/ui/alerts.html includes itself: components/ui/alerts.html
./_includes/components/ui/alerts.html includes itself: components/ui/alerts.html
./_includes/components/forms/form.html includes itself: components/forms/form.html
./_includes/components/forms/custom-newsletter.html includes itself: components/forms/custom-newsletter.html
./_includes/components/forms/input-field.html includes itself: components/forms/input-field.html
./_includes/components/forms/input-field.html includes itself: components/forms/input-field.html
./_includes/components/forms/input-field.html includes itself: components/forms/input-field.html
./_includes/components/forms/input-field.html includes itself: components/forms/input-field.html
./_includes/components/forms/input-field.html includes itself: components/forms/input-field.html
./_includes/components/forms/validation.html includes itself: components/forms/validation.html
./_includes/components/forms/newsletter-form.html includes itself: components/forms/newsletter-form.html
./_includes/components/forms/newsletter-form.html includes itself: components/forms/newsletter-form.html
./_includes/components/forms/newsletter-form.html includes itself: components/forms/newsletter-form.html
./_includes/components/forms/newsletter-form.html includes itself: components/forms/newsletter-form.html
./_includes/components/forms/feedback-form.html includes itself: components/forms/feedback-form.html
./_includes/components/forms/textarea-field.html includes itself: components/forms/textarea-field.html
./_includes/components/forms/textarea-field.html includes itself: components/forms/textarea-field.html
./_includes/components/forms/textarea-field.html includes itself: components/forms/textarea-f📝 Report: Self-referencing include check – self-includes detected

🖼️ Checking for broken image paths in markdown and HTML files...
❌ Missing image file: assets/images//-w./jpg
❌ Missing image file: assets/images/attributes/artisanal-excellence.jpg
❌ Missing image file: assets/images/attributes/founder-led.jpg
❌ Missing image file: assets/images/attributes/heritage-brand.jpg
❌ Missing image file: assets/images/brands/br-serra-verde/br-serra-verde-logo-400w.png
❌ Missing image file: assets/images/brands/ru-altai-honey/ru-altai-honey-logo-400w.png
❌ Missing image file: assets/images/brands/ru-seven-spices/ru-seven-spices-logo-400w.png
❌ Missing image file: assets/images/brands/ru-teatime/ru-teatime-logo-400w.png
❌ Missing image file: assets/images/brands/ru/teatime/teatime-hero-storefront-800w.jpg
❌ Missing image file: assets/images/case-studies/{{
❌ Missing image file: assets/images/case-studies/ru-abrau-durso/ru-abrau-durso-hero-vineyard-400w.jpg
❌ Missing image file: assets/images/categories/'
❌ Missing image file: assets/images/categories/russia-market-sectors-400w.jpg
❌ Missing image file: assets/images/dimensions/markets/malaysia.jpg
❌ Missing image file: assets/images/dimensions/markets/mongolia.jpg
❌ Missing image file: assets/images/dimensions/signals/investment-ready/investment-ready-hero-growth-400w.jpg
❌ Missing image file: assets/images/dimensions/signals/rapid-growth/rapid-growth-hero-trajectory-400w.jpg
❌ Missing image file: assets/images/gundamcat.png
❌ Missing image file: assets/images/icons/dimensions/png/dimensions/attribute/attribute-default.png
❌ Missing image file: assets/images/icons/dimensions/png/dimensions/market/market-default.png
❌ Missing image file: assets/images/icons/dimensions/png/dimensions/sector/sector-default.png
❌ Missing image file: assets/images/icons/dimensions/png/dimensions/signal/signal-default.png
❌ Missing image file: assets/images/icons/dimensions/png/insights/chart-line.png
❌ Missing image file: assets/images/icons/dimensions/png/insights/mountain.png
❌ Missing image file: assets/images/icons/dimensions/png/insights/wine-bottle.png
❌ Missing image file: assets/images/journal/china-brand-storytelling/china-brand-storytelling-hero-400w.jpg
❌ Missing image file: assets/images/journal/maplibre-journey/maplibre-journey-hero-400w.jpg
❌ Missing image file: assets/images/journal/russian-market-insights/russian-market-insights-hero-400w.jpg
❌ Missing image file: assets/images/people/authors/olya-eastman/olya-eastman-headshot-400w.jpg
❌ Missing image file: assets/images/people/authors/randal-eastman/randal-eastman-headshot-400w.jpg
❌ Missing image file: assets/images/russia/andrew-konstantinov-y2kSjuA4Y4E-unsplash-1200.jpg
❌ Missing image file: assets/images/sectors/artisanal-spirits.jpg
❌ Missing image file: assets/images/sectors/hotels-resorts.jpg
❌ Missing image file: assets/images/sectors/natural-beauty.jpg
❌ Missing image file: assets/images/sectors/russian-overview.jpg
❌ Missing image file: assets/images/site/logos/brandmine-icon.svg
❌ Missing image file: assets/images/site/logos/brandmine-logo-primary.svg
❌ Missing image file: assets/images/site/logos/brandmine-logo-reversed.svg

📁 Checking for empty or missing SCSS files in assets/css/components/ and pages/...
⚠️ Empty or missing SCSS file: assets/css/components/images/logo.scss
⚠️ Empty or missing SCSS file: assets/css/components/dimensions/markets-grid.scss
⚠️ Empty or missing SCSS file: assets/css/components/dimensions/signals-grid.scss
⚠️ Empty or missing SCSS file: assets/css/components/dimensions/attributes-grid.scss
⚠️ Empty or missing SCSS file: assets/css/components/dimensions/sectors-grid.scss
⚠️ Empty or missing SCSS file: assets/css/pages/insight/map-view.scss
⚠️ Empty or missing SCSS file: assets/css/pages/insight/market-chart.scss
⚠️ Empty or missing SCSS file: assets/css/pages/dimension-profile/content.scss

🧹 Checking for unused include files in _includes/...
⚠️ Possibly unused include: _includes/test/cards/founder-test-card.html
⚠️ Possibly unused include: _includes/components/insights/latest-insights-grid2.html
⚠️ Possibly unused include: _includes/components/tagline-usage-examples.html
⚠️ Possibly unused include: _includes/components/images/insight-image.html
⚠️ Possibly unused include: _includes/components/brands/generation-display.html
⚠️ Possibly unused include: _includes/components/brands/founder-info.html
⚠️ Possibly unused include: _includes/components/brands/related-brands-list.html
⚠️ Possibly unused include: _includes/components/brands/recognition-section.html
⚠️ Possibly unused include: _includes/components/cards/insight-card-legacy.html
⚠️ Possibly unused include: _includes/components/search/insights-search.html
⚠️ Possibly unused include: _includes/components/dev/code-sample.html
⚠️ Possibly unused include: _includes/components/dimensions/discovery-navigation.html
⚠️ Possibly unused include: _includes/pages/journal/featured-image.html
⚠️ Possibly unused include: _includes/pages/journal/latest-entries.html
⚠️ Possibly unused include: _includes/pages/journal/featured-article.html
⚠️ Possibly unused include: _includes/pages/market-sector/regions.html
⚠️ Possibly unused include: _includes/pages/market-sector/statistics.html
⚠️ Possibly unused include: _includes/pages/market-sector/cross-navigation.html
⚠️ Possibly unused include: _includes/pages/founder/sections/professional-details.html
⚠️ Possibly unused include: _includes/pages/founder/founder-wisdom.html
⚠️ Possibly unused include: _includes/pages/insights/featured-article.html
⚠️ Possibly unused include: _includes/pages/insights/subscribe.html
⚠️ Possibly unused include: _includes/pages/insights/latest-insights-carousel.html
⚠️ Possibly unused include: _includes/pages/insights/category-highlights.html
⚠️ Possibly unused include: _includes/pages/home/founder-focus.html
⚠️ Possibly unused include: _includes/pages/home/featured-founders-simplified.html
⚠️ Possibly unused include: _includes/pages/home/featured-brands-simplified.html
⚠️ Possibly unused include: _includes/pages/home/case-studies.html
⚠️ Possibly unused include: _includes/pages/brands/brands-grid.html
⚠️ Possibly unused include: _includes/pages/brands/intro.html
⚠️ Possibly unused include: _includes/pages/brands/filter-interface.html
⚠️ Possibly unused include: _includes/pages/brands/find-partner.html
⚠️ Possibly unused include: _includes/pages/brands/features.html
⚠️ Possibly unused include: _includes/pages/brand/market-presence.html
⚠️ Possibly unused include: _includes/pages/brand/founder-narrative.html
⚠️ Possibly unused include: _includes/pages/brand/brand-story.html
⚠️ Possibly unused include: _includes/pages/brand/identity.html
⚠️ Possibly unused include: _includes/pages/brand/business-intelligence.html
⚠️ Possibly unused include: _includes/pages/insights-category/subscribe.html
⚠️ Possibly unused include: _includes/pages/about/team.html
⚠️ Possibly unused include: _includes/pages/about/contact.html
⚠️ Possibly unused include: _includes/pages/about/mission.html
⚠️ Possibly unused include: _includes/pages/about/problems.html
⚠️ Possibly unused include: _includes/pages/about/perspective.html
⚠️ Possibly unused include: _includes/pages/about/services.html
⚠️ Possibly unused include: _includes/pages/about/solutions.html
⚠️ Possibly unused include: _includes/pages/dimension-profile/market-sectors.html
⚠️ Possibly unused include: _includes/pages/dimension-profile/market-highlights.html
⚠️ Possibly unused include: _includes/pages/founders/founders-carousel-dual.html
⚠️ Possibly unused include: _includes/pages/founders/recent-founders.html
⚠️ Possibly unused include: _includes/pages/founders/filter-interface.html
⚠️ Possibly unused include: _includes/pages/founders/featured-founders-simple.html
⚠️ Possibly unused include: _includes/pages/founders/founders-grid.html
⚠️ Possibly unused include: _includes/pages/founders/featured-founders.html
⚠️ Possibly unused include: _includes/pages/founders/all-founders.html
⚠️ Possibly unused include: _includes/pages/case-study/related-case-studies.html
⚠️ Possibly unused include: _includes/pages/case-study/summary.html
⚠️ Possibly unused include: _includes/pages/dimension/market-sectors.html
⚠️ Possibly unused include: _includes/pages/dimension/market-highlights.html
⚠️ Possibly unused include: _includes/pages/brand-basic/identity.html
⚠️ Possibly unused include: _includes/pages/brand-basic/location.html

🚫 Checking for section arrays in content files...
✅ No section arrays found in content files (correct - using centralized configuration)
📝 Report: Section array check – no arrays found (correct)

🏷️ Checking insight category naming consistency...
⚠️ Found hyphenated categories in insight files (should use underscores):
_insights/ru/ru-seven-spices-spotlight.md:category: "brand-spotlight"  # Must match insights/en.yml
_insights/ru/ru-russian-wine-renaissance.md:category: "market-momentum"  # Must match insights/en.yml
_insights/ru/ru-teatime-founder-journey.md:category: "founders-journey"  # Must match insights/en.yml
_insights/ru/ru-siberian-honey-corridor.md:category: "location-intelligence"  # Must match insights/en.yml
_insights/zh/ru-seven-spices-spotlight.md:category: "brand-spotlight"  # Must match insights/en.yml
_insights/zh/ru-russian-wine-renaissance.md:category: "market-momentum"  # Must match insights/en.yml
_insights/zh/ru-teatime-founder-journey.md:category: "founders-journey"  # Must match insights/en.yml
_insights/zh/ru-siberian-honey-corridor.md:category: "location-intelligence"  # Must match insights/en.yml
_insights/en/ru-seven-spices-spotlight.md:category: "brand-spotlight"  # Must match insights/en.yml
_insights/en/ru-russian-wine-renaissance.md:category: "market-momentum"  # Must match insights/en.yml
_insights/en/ru-teatime-founder-journey.md:category: "founders-journey"  # Must match insights/en.yml
_insights/en/ru-siberian-honey-corridor.md:category: "location-intelligence"  # Must match insights/en.yml
💡 Fix: Use underscores instead (e.g., 'founders_journey' not 'founders-journey')
⚠️ Found hyphenated category filtering in templates:
_includes/components/insights/latest-insights-grid2.html:    {%- comment -%}{% assign insights = site.insights | where: "lang", page.lang | where: "category", include.category | sort: "date" | reverse | limit: limit %}{%- endcomment -%}
_includes/pages/insights/category-highlights.html:        {% assign brand_spotlight = all_insights | where: "category", "brand-spotlight" | first %}
_includes/pages/insights/category-highlights.html:        {% assign founders_journey = all_insights | where: "category", "founders-journey" | first %}
_includes/pages/insights/category-highlights.html:        {% assign location_intelligence = all_insights | where: "category", "location-intelligence" | first %}
_includes/pages/insights/category-highlights.html:        {% assign market_momentum = all_insights | where: "category", "market-momentum" | first %}
_includes/pages/home/latest-insights.html:  {% assign brand_spotlight = filtered_insights | where: "category", "brand-spotlight" | sort: "date" | reverse | first %}
_includes/pages/home/latest-insights.html:  {% assign founders_journey = filtered_insights | where: "category", "founders-journey" | sort: "date" | reverse | first %}
_includes/pages/home/latest-insights.html:  {% assign location_intelligence = filtered_insights | where: "category", "location-intelligence" | sort: "date" | reverse | first %}
_includes/pages/home/latest-insights.html:  {% assign market_momentum = filtered_insights | where: "category", "market-momentum" | sort: "date" | reverse | first %}
💡 Fix: Update template filters to use underscores to match insight files
📝 Report: Category naming check – inconsistencies found

🖼️ Validating image naming standards...
Checking for legacy front matter keys...
✅ No legacy front matter keys found
Checking for location redundancy in image names...
✅ No location redundancy detected in image names
Checking for person-specific naming in images...
✅ No person-specific naming found in generic contexts
Checking cross-language image name consistency...
✅ Cross-language image names are consistent
Checking for missing original image files...
✅ All referenced images have corresponding original files
📝 Report: Image naming validation – all standards followed

⚠️ Some checks failed - review the log for details

✅ Pre-commit check complete.
==========================================
